<?xml version="1.0"?>
<testsuite failures="0" skipped="0" name="cucumber-js" time="0.15619880300000002" tests="11">
  <testcase classname="Receive async search results from FR through a callback" name="Successfully receive async search results from FR" time="0.03776103299999999">
    <system-out><![CDATA[Given SP has previously sent a search request to FR.......................passed
When FR completes processing and calls SP on-search callback..............passed
Then SP should receive the on-search response from FR.....................passed
And The on-search response should have status 200.........................passed
And The on-search response should have "Content-Type": "application/jso...passed
And The on-search response should be received within 15000ms..............passed
And The on-search response should match the expected JSON schema..........passed]]></system-out>
  </testcase>
  <testcase classname="Callback for Subscribe To Farmer registry based on specific criteria" name="Successfully receive async subscribe results from FR" time="0.010616770000000001">
    <system-out><![CDATA[Given SP has previously sent a subscribe request to FR....................passed
When FR completes processing and calls SP on-subscribe callback...........passed
Then SP should receive the on-subscribe response from FR..................passed
And The on-subscribe response should have status 200......................passed
And The on-subscribe response should have "Content-Type": "application/...passed
And The on-subscribe response should be returned in a timely manner 150...passed
And The on-subscribe response should match json schema....................passed]]></system-out>
  </testcase>
  <testcase classname="callback for Unsubscribe from SR" name="Successfully  receive async unsubscribe results from FR" time="0.010543651000000001">
    <system-out><![CDATA[Given SP has previously sent an unsubscribe request to FR.................passed
When FR completes processing and calls SP on-unsubscribe callback.........passed
Then SP should receive the on-unsubscribe response from FR................passed
And The on-unsubscribe response should have status 200....................passed
And The on-unsubscribe response should have "Content-Type": "applicatio...passed
And The on-unsubscribe response should be returned in a timely manner 1...passed
And The on-unsubscribe response should match json schema..................passed]]></system-out>
  </testcase>
  <testcase classname="Search person from FR based on specific criteria" name="Successfully search FR to be processed" time="0.010499035000000002">
    <system-out><![CDATA[Given System wants to search for person in FR.............................passed
When A POST request to search is sent.....................................passed
Then The response from the search should be received......................passed
And The search response should have status 200............................passed
And The search response should have "Content-Type": "application/json" ...passed
And The search response should be returned in a timely manner within 15...passed
And The search response should match the expected JSON schema.............passed]]></system-out>
  </testcase>
  <testcase classname="Subscribe To FR based on specific criteria" name="Successfully subscribe to get new persons from FR to be processed smoke type test" time="0.013183012000000001">
    <system-out><![CDATA[Given System wanna subscribe to get new persons from FR...................passed
When POST request to subscribe is sent....................................passed
Then The response from the subscribe is received..........................passed
And The subscribe response should have status 200.........................passed
And The subscribe response should have "Content-Type": "application/jso...passed
And The subscribe response should be returned in a timely manner 15000m...passed
And The subscribe response should match json schema.......................passed]]></system-out>
  </testcase>
  <testcase classname="Search person from FR based on specific criteria" name="Successfully search FR to be processed [1]" time="0.008631791">
    <system-out><![CDATA[Given System wants to sync search for person in FR........................passed
When A POST request to sync search is sent................................passed
Then The response from the sync search should be received.................passed
And The sync search response should have status 200.......................passed
And The sync search response should have "Content-Type": "application/j...passed
And The sync search response should be returned in a timely manner with...passed
And The sync search response should match the expected JSON schema........passed]]></system-out>
  </testcase>
  <testcase classname="Search person from FR based on specific criteria" name="Validate the structure of reg_records in search response Functional Test" time="0.017360901999999998">
    <system-out><![CDATA[Given System has sent a sync search request for FR person for a functio...passed
When A POST request to sync search is sent Functional Test................passed
Then The response from the sync search should be received Functional Te...passed
And The sync search response should contain a reg_records array Functio...passed
And Each item in the reg_records array should match the defined JSON sc...passed]]></system-out>
  </testcase>
  <testcase classname="Get transaction status synchronously" name="Successfully get transaction status synchronously" time="0.012252940000000002">
    <system-out><![CDATA[Given System wants to get transaction status synchronously................passed
When A POST request to sync txn status is sent............................passed
Then The response from the getting sync txn status should be received.....passed
And The sync txn status response should have status 200...................passed
And The sync txn status response should have "Content-Type": "applicati...passed
And The sync txn status response should be returned in a timely manner ...passed
And The sync txn status response should match the expected JSON schema....passed]]></system-out>
  </testcase>
  <testcase classname="Get transaction status" name="Successfully receive async txn status result from FR" time="0.0108958">
    <system-out><![CDATA[Given SP has previously sent a txn status request to FR...................passed
When FR completes processing and calls SP txn on-status callback..........passed
Then SP should receive the txn on-status response from FR.................passed
And The txn on-status response should have status 200.....................passed
And The txn on-status response should have "Content-Type": "application...passed
And The txn on-status response should be returned in a timely manner 15...passed
And The txn on-status response should match json schema...................passed]]></system-out>
  </testcase>
  <testcase classname="Get transaction status async" name="Successfully get transaction status" time="0.011102711000000001">
    <system-out><![CDATA[Given System wants to get transaction status..............................passed
When A POST request to txn status is sent.................................passed
Then The response from the getting txn status should be received..........passed
And The txn status response should have status 200........................passed
And The txn status response should have "Content-Type": "application/js...passed
And The txn status response should be returned in a timely manner withi...passed
And The txn status response should match the expected JSON schema.........passed]]></system-out>
  </testcase>
  <testcase classname="Unsubscribe from SR based on specific criteria" name="Successfully unsubscribe from FR to be processed smoke type test" time="0.013351157999999998">
    <system-out><![CDATA[Given System wanna unsubscribe from FR....................................passed
When POST request to unsubscribe is sent..................................passed
Then The response from the unsubscribe is received........................passed
And The unsubscribe response should have status 200.......................passed
And The unsubscribe response should have "Content-Type": "application/j...passed
And The unsubscribe response should be returned in a timely manner 1500...passed
And The unsubscribe response should match json schema.....................passed]]></system-out>
  </testcase>
</testsuite>